<?xml version="1.0" encoding="UTF-8"?>
<!-- Generated by org.testng.reporters.JUnitXMLReporter -->
<testsuite ignored="11" hostname="DESKTOP-RHKECGV" failures="0" tests="4" name="Testcases" time="0.08" errors="0" timestamp="2024-10-07T18:53:20 IST">
  <testcase classname="testngexamples.Exgroups" name="apple1" time="0.008"/>
  <testcase classname="testngexamples.Exgroups" name="apple2" time="0.001"/>
  <testcase classname="testngexamples.Exgroups" name="moto1" time="0.002"/>
  <testcase classname="testngexamples.Exgroups" name="moto2" time="0.002"/>
  <testcase classname="testngexamples.Exgroups" name="lenevo2" time="0.0">
    <ignored/>
  </testcase> <!-- lenevo2 -->
  <testcase classname="testngexamples.Exgroups" name="lenevo1" time="0.0">
    <ignored/>
  </testcase> <!-- lenevo1 -->
  <testcase classname="testngexamples.Exdependency" name="Engineering" time="0.0">
    <ignored/>
  </testcase> <!-- Engineering -->
  <testcase classname="testngexamples.Exgroups" name="samsung2" time="0.0">
    <ignored/>
  </testcase> <!-- samsung2 -->
  <testcase classname="testngexamples.Expriority" name="stopthecar" time="0.0">
    <ignored/>
  </testcase> <!-- stopthecar -->
  <testcase classname="testngexamples.Exdependency" name="highschool" time="0.0">
    <ignored/>
  </testcase> <!-- highschool -->
  <testcase classname="testngexamples.Expriority" name="Musicon" time="0.0">
    <ignored/>
  </testcase> <!-- Musicon -->
  <testcase classname="testngexamples.Expriority" name="startfirstgear" time="0.0">
    <ignored/>
  </testcase> <!-- startfirstgear -->
  <testcase classname="testngexamples.Expriority" name="startcar" time="0.0">
    <ignored/>
  </testcase> <!-- startcar -->
  <testcase classname="testngexamples.Exdependency" name="highersecondary" time="0.0">
    <ignored/>
  </testcase> <!-- highersecondary -->
  <testcase classname="testngexamples.Exgroups" name="samsung1" time="0.0">
    <ignored/>
  </testcase> <!-- samsung1 -->
</testsuite> <!-- Testcases -->
